.1.3.6.1.2.1.1.1.0 = STRING: Linux pit.htb 4.18.0-305.10.2.el8_4.x86_64 #1 SMP Tue Jul 20 17:25:16 UTC 2021 x86_64
.1.3.6.1.2.1.1.2.0 = OID: .1.3.6.1.4.1.8072.3.2.10
.1.3.6.1.2.1.1.3.0 = Timeticks: (1338085) 3:43:00.85
.1.3.6.1.2.1.1.4.0 = STRING: Root <root@localhost> (configure /etc/snmp/snmp.local.conf)
.1.3.6.1.2.1.1.5.0 = STRING: pit.htb
.1.3.6.1.2.1.1.6.0 = STRING: Unknown (edit /etc/snmp/snmpd.conf)
.1.3.6.1.2.1.1.8.0 = Timeticks: (0) 0:00:00.00
.1.3.6.1.2.1.1.9.1.2.1 = OID: .1.3.6.1.6.3.10.3.1.1
.1.3.6.1.2.1.1.9.1.2.2 = OID: .1.3.6.1.6.3.11.3.1.1
.1.3.6.1.2.1.1.9.1.2.3 = OID: .1.3.6.1.6.3.15.2.1.1
.1.3.6.1.2.1.1.9.1.2.4 = OID: .1.3.6.1.6.3.1
.1.3.6.1.2.1.1.9.1.2.5 = OID: .1.3.6.1.6.3.16.2.2.1
.1.3.6.1.2.1.1.9.1.2.6 = OID: .1.3.6.1.2.1.49
.1.3.6.1.2.1.1.9.1.2.7 = OID: .1.3.6.1.2.1.4
.1.3.6.1.2.1.1.9.1.2.8 = OID: .1.3.6.1.2.1.50
.1.3.6.1.2.1.1.9.1.2.9 = OID: .1.3.6.1.6.3.13.3.1.3
.1.3.6.1.2.1.1.9.1.2.10 = OID: .1.3.6.1.2.1.92
.1.3.6.1.2.1.1.9.1.3.1 = STRING: The SNMP Management Architecture MIB.
.1.3.6.1.2.1.1.9.1.3.2 = STRING: The MIB for Message Processing and Dispatching.
.1.3.6.1.2.1.1.9.1.3.3 = STRING: The management information definitions for the SNMP User-based Security Model.
.1.3.6.1.2.1.1.9.1.3.4 = STRING: The MIB module for SNMPv2 entities
.1.3.6.1.2.1.1.9.1.3.5 = STRING: View-based Access Control Model for SNMP.
.1.3.6.1.2.1.1.9.1.3.6 = STRING: The MIB module for managing TCP implementations
.1.3.6.1.2.1.1.9.1.3.7 = STRING: The MIB module for managing IP and ICMP implementations
.1.3.6.1.2.1.1.9.1.3.8 = STRING: The MIB module for managing UDP implementations
.1.3.6.1.2.1.1.9.1.3.9 = STRING: The MIB modules for managing SNMP Notification, plus filtering.
.1.3.6.1.2.1.1.9.1.3.10 = STRING: The MIB module for logging SNMP Notifications.
.1.3.6.1.2.1.1.9.1.4.1 = Timeticks: (0) 0:00:00.00
.1.3.6.1.2.1.1.9.1.4.2 = Timeticks: (0) 0:00:00.00
.1.3.6.1.2.1.1.9.1.4.3 = Timeticks: (0) 0:00:00.00
.1.3.6.1.2.1.1.9.1.4.4 = Timeticks: (0) 0:00:00.00
.1.3.6.1.2.1.1.9.1.4.5 = Timeticks: (0) 0:00:00.00
.1.3.6.1.2.1.1.9.1.4.6 = Timeticks: (0) 0:00:00.00
.1.3.6.1.2.1.1.9.1.4.7 = Timeticks: (0) 0:00:00.00
.1.3.6.1.2.1.1.9.1.4.8 = Timeticks: (0) 0:00:00.00
.1.3.6.1.2.1.1.9.1.4.9 = Timeticks: (0) 0:00:00.00
.1.3.6.1.2.1.1.9.1.4.10 = Timeticks: (0) 0:00:00.00
.1.3.6.1.2.1.25.1.1.0 = Timeticks: (1342785) 3:43:47.85
.1.3.6.1.2.1.25.4.2.1.2.1 = STRING: "systemd"
.1.3.6.1.2.1.25.4.2.1.2.2 = STRING: "kthreadd"
.1.3.6.1.2.1.25.4.2.1.2.3 = STRING: "rcu_gp"
.1.3.6.1.2.1.25.4.2.1.2.4 = STRING: "rcu_par_gp"
.1.3.6.1.2.1.25.4.2.1.2.6 = STRING: "kworker/0:0H-events_highpri"
.1.3.6.1.2.1.25.4.2.1.2.9 = STRING: "mm_percpu_wq"
.1.3.6.1.2.1.25.4.2.1.2.10 = STRING: "ksoftirqd/0"
.1.3.6.1.2.1.25.4.2.1.2.11 = STRING: "rcu_sched"
.1.3.6.1.2.1.25.4.2.1.2.12 = STRING: "migration/0"
.1.3.6.1.2.1.25.4.2.1.2.13 = STRING: "watchdog/0"
.1.3.6.1.2.1.25.4.2.1.2.14 = STRING: "cpuhp/0"
.1.3.6.1.2.1.25.4.2.1.2.15 = STRING: "cpuhp/1"
.1.3.6.1.2.1.25.4.2.1.2.16 = STRING: "watchdog/1"
.1.3.6.1.2.1.25.4.2.1.2.17 = STRING: "migration/1"
.1.3.6.1.2.1.25.4.2.1.2.18 = STRING: "ksoftirqd/1"
.1.3.6.1.2.1.25.4.2.1.2.20 = STRING: "kworker/1:0H-events_highpri"
.1.3.6.1.2.1.25.4.2.1.2.23 = STRING: "kdevtmpfs"
.1.3.6.1.2.1.25.4.2.1.2.24 = STRING: "netns"
.1.3.6.1.2.1.25.4.2.1.2.25 = STRING: "kauditd"
.1.3.6.1.2.1.25.4.2.1.2.26 = STRING: "khungtaskd"
.1.3.6.1.2.1.25.4.2.1.2.27 = STRING: "oom_reaper"
.1.3.6.1.2.1.25.4.2.1.2.28 = STRING: "writeback"
.1.3.6.1.2.1.25.4.2.1.2.29 = STRING: "kcompactd0"
.1.3.6.1.2.1.25.4.2.1.2.30 = STRING: "ksmd"
.1.3.6.1.2.1.25.4.2.1.2.31 = STRING: "khugepaged"
.1.3.6.1.2.1.25.4.2.1.2.32 = STRING: "crypto"
.1.3.6.1.2.1.25.4.2.1.2.33 = STRING: "kintegrityd"
.1.3.6.1.2.1.25.4.2.1.2.34 = STRING: "kblockd"
.1.3.6.1.2.1.25.4.2.1.2.35 = STRING: "blkcg_punt_bio"
.1.3.6.1.2.1.25.4.2.1.2.36 = STRING: "tpm_dev_wq"
.1.3.6.1.2.1.25.4.2.1.2.37 = STRING: "md"
.1.3.6.1.2.1.25.4.2.1.2.38 = STRING: "edac-poller"
.1.3.6.1.2.1.25.4.2.1.2.39 = STRING: "watchdogd"
.1.3.6.1.2.1.25.4.2.1.2.40 = STRING: "kworker/0:1H-kblockd"
.1.3.6.1.2.1.25.4.2.1.2.68 = STRING: "kswapd0"
.1.3.6.1.2.1.25.4.2.1.2.161 = STRING: "kthrotld"
.1.3.6.1.2.1.25.4.2.1.2.162 = STRING: "irq/24-pciehp"
.1.3.6.1.2.1.25.4.2.1.2.163 = STRING: "irq/25-pciehp"
.1.3.6.1.2.1.25.4.2.1.2.164 = STRING: "irq/26-pciehp"
.1.3.6.1.2.1.25.4.2.1.2.165 = STRING: "irq/27-pciehp"
.1.3.6.1.2.1.25.4.2.1.2.166 = STRING: "irq/28-pciehp"
.1.3.6.1.2.1.25.4.2.1.2.167 = STRING: "irq/29-pciehp"
.1.3.6.1.2.1.25.4.2.1.2.168 = STRING: "irq/30-pciehp"
.1.3.6.1.2.1.25.4.2.1.2.169 = STRING: "irq/31-pciehp"
.1.3.6.1.2.1.25.4.2.1.2.170 = STRING: "irq/32-pciehp"
.1.3.6.1.2.1.25.4.2.1.2.171 = STRING: "irq/33-pciehp"
.1.3.6.1.2.1.25.4.2.1.2.172 = STRING: "irq/34-pciehp"
.1.3.6.1.2.1.25.4.2.1.2.173 = STRING: "irq/35-pciehp"
.1.3.6.1.2.1.25.4.2.1.2.174 = STRING: "irq/36-pciehp"
.1.3.6.1.2.1.25.4.2.1.2.175 = STRING: "irq/37-pciehp"
.1.3.6.1.2.1.25.4.2.1.2.176 = STRING: "irq/38-pciehp"
.1.3.6.1.2.1.25.4.2.1.2.177 = STRING: "irq/39-pciehp"
.1.3.6.1.2.1.25.4.2.1.2.178 = STRING: "irq/40-pciehp"
.1.3.6.1.2.1.25.4.2.1.2.179 = STRING: "irq/41-pciehp"
.1.3.6.1.2.1.25.4.2.1.2.180 = STRING: "irq/42-pciehp"
.1.3.6.1.2.1.25.4.2.1.2.181 = STRING: "irq/43-pciehp"
.1.3.6.1.2.1.25.4.2.1.2.182 = STRING: "irq/44-pciehp"
.1.3.6.1.2.1.25.4.2.1.2.183 = STRING: "irq/45-pciehp"
.1.3.6.1.2.1.25.4.2.1.2.184 = STRING: "irq/46-pciehp"
.1.3.6.1.2.1.25.4.2.1.2.185 = STRING: "irq/47-pciehp"
.1.3.6.1.2.1.25.4.2.1.2.186 = STRING: "irq/48-pciehp"
.1.3.6.1.2.1.25.4.2.1.2.187 = STRING: "irq/49-pciehp"
.1.3.6.1.2.1.25.4.2.1.2.188 = STRING: "irq/50-pciehp"
.1.3.6.1.2.1.25.4.2.1.2.189 = STRING: "irq/51-pciehp"
.1.3.6.1.2.1.25.4.2.1.2.190 = STRING: "irq/52-pciehp"
.1.3.6.1.2.1.25.4.2.1.2.191 = STRING: "irq/53-pciehp"
.1.3.6.1.2.1.25.4.2.1.2.192 = STRING: "irq/54-pciehp"
.1.3.6.1.2.1.25.4.2.1.2.193 = STRING: "irq/55-pciehp"
.1.3.6.1.2.1.25.4.2.1.2.194 = STRING: "acpi_thermal_pm"
.1.3.6.1.2.1.25.4.2.1.2.195 = STRING: "kmpath_rdacd"
.1.3.6.1.2.1.25.4.2.1.2.196 = STRING: "kaluad"
.1.3.6.1.2.1.25.4.2.1.2.198 = STRING: "ipv6_addrconf"
.1.3.6.1.2.1.25.4.2.1.2.199 = STRING: "kstrp"
.1.3.6.1.2.1.25.4.2.1.2.313 = STRING: "kworker/1:1H-kblockd"
.1.3.6.1.2.1.25.4.2.1.2.514 = STRING: "mpt_poll_0"
.1.3.6.1.2.1.25.4.2.1.2.515 = STRING: "mpt/0"
.1.3.6.1.2.1.25.4.2.1.2.516 = STRING: "ata_sff"
.1.3.6.1.2.1.25.4.2.1.2.521 = STRING: "scsi_eh_0"
.1.3.6.1.2.1.25.4.2.1.2.522 = STRING: "scsi_tmf_0"
.1.3.6.1.2.1.25.4.2.1.2.527 = STRING: "scsi_eh_1"
.1.3.6.1.2.1.25.4.2.1.2.528 = STRING: "scsi_tmf_1"
.1.3.6.1.2.1.25.4.2.1.2.529 = STRING: "scsi_eh_2"
.1.3.6.1.2.1.25.4.2.1.2.530 = STRING: "scsi_tmf_2"
.1.3.6.1.2.1.25.4.2.1.2.531 = STRING: "scsi_eh_3"
.1.3.6.1.2.1.25.4.2.1.2.532 = STRING: "scsi_tmf_3"
.1.3.6.1.2.1.25.4.2.1.2.533 = STRING: "scsi_eh_4"
.1.3.6.1.2.1.25.4.2.1.2.534 = STRING: "scsi_tmf_4"
.1.3.6.1.2.1.25.4.2.1.2.536 = STRING: "scsi_eh_5"
.1.3.6.1.2.1.25.4.2.1.2.537 = STRING: "scsi_tmf_5"
.1.3.6.1.2.1.25.4.2.1.2.538 = STRING: "scsi_eh_6"
.1.3.6.1.2.1.25.4.2.1.2.539 = STRING: "scsi_tmf_6"
.1.3.6.1.2.1.25.4.2.1.2.540 = STRING: "scsi_eh_7"
.1.3.6.1.2.1.25.4.2.1.2.541 = STRING: "scsi_tmf_7"
.1.3.6.1.2.1.25.4.2.1.2.542 = STRING: "scsi_eh_8"
.1.3.6.1.2.1.25.4.2.1.2.543 = STRING: "scsi_tmf_8"
.1.3.6.1.2.1.25.4.2.1.2.544 = STRING: "scsi_eh_9"
.1.3.6.1.2.1.25.4.2.1.2.545 = STRING: "scsi_tmf_9"
.1.3.6.1.2.1.25.4.2.1.2.546 = STRING: "scsi_eh_10"
.1.3.6.1.2.1.25.4.2.1.2.547 = STRING: "scsi_tmf_10"
.1.3.6.1.2.1.25.4.2.1.2.548 = STRING: "scsi_eh_11"
.1.3.6.1.2.1.25.4.2.1.2.549 = STRING: "scsi_tmf_11"
.1.3.6.1.2.1.25.4.2.1.2.550 = STRING: "scsi_eh_12"
.1.3.6.1.2.1.25.4.2.1.2.551 = STRING: "scsi_tmf_12"
.1.3.6.1.2.1.25.4.2.1.2.552 = STRING: "scsi_eh_13"
.1.3.6.1.2.1.25.4.2.1.2.553 = STRING: "scsi_tmf_13"
.1.3.6.1.2.1.25.4.2.1.2.554 = STRING: "irq/16-vmwgfx"
.1.3.6.1.2.1.25.4.2.1.2.555 = STRING: "scsi_eh_14"
.1.3.6.1.2.1.25.4.2.1.2.556 = STRING: "scsi_tmf_14"
.1.3.6.1.2.1.25.4.2.1.2.557 = STRING: "ttm_swap"
.1.3.6.1.2.1.25.4.2.1.2.558 = STRING: "scsi_eh_15"
.1.3.6.1.2.1.25.4.2.1.2.559 = STRING: "card0-crtc0"
.1.3.6.1.2.1.25.4.2.1.2.560 = STRING: "card0-crtc1"
.1.3.6.1.2.1.25.4.2.1.2.561 = STRING: "scsi_tmf_15"
.1.3.6.1.2.1.25.4.2.1.2.562 = STRING: "card0-crtc2"
.1.3.6.1.2.1.25.4.2.1.2.563 = STRING: "scsi_eh_16"
.1.3.6.1.2.1.25.4.2.1.2.564 = STRING: "scsi_tmf_16"
.1.3.6.1.2.1.25.4.2.1.2.565 = STRING: "card0-crtc3"
.1.3.6.1.2.1.25.4.2.1.2.566 = STRING: "scsi_eh_17"
.1.3.6.1.2.1.25.4.2.1.2.567 = STRING: "scsi_tmf_17"
.1.3.6.1.2.1.25.4.2.1.2.568 = STRING: "card0-crtc4"
.1.3.6.1.2.1.25.4.2.1.2.569 = STRING: "scsi_eh_18"
.1.3.6.1.2.1.25.4.2.1.2.570 = STRING: "card0-crtc5"
.1.3.6.1.2.1.25.4.2.1.2.571 = STRING: "scsi_tmf_18"
.1.3.6.1.2.1.25.4.2.1.2.572 = STRING: "card0-crtc6"
.1.3.6.1.2.1.25.4.2.1.2.573 = STRING: "scsi_eh_19"
.1.3.6.1.2.1.25.4.2.1.2.574 = STRING: "scsi_tmf_19"
.1.3.6.1.2.1.25.4.2.1.2.575 = STRING: "card0-crtc7"
.1.3.6.1.2.1.25.4.2.1.2.576 = STRING: "scsi_eh_20"
.1.3.6.1.2.1.25.4.2.1.2.577 = STRING: "scsi_tmf_20"
.1.3.6.1.2.1.25.4.2.1.2.578 = STRING: "scsi_eh_21"
.1.3.6.1.2.1.25.4.2.1.2.579 = STRING: "scsi_tmf_21"
.1.3.6.1.2.1.25.4.2.1.2.580 = STRING: "scsi_eh_22"
.1.3.6.1.2.1.25.4.2.1.2.581 = STRING: "scsi_tmf_22"
.1.3.6.1.2.1.25.4.2.1.2.582 = STRING: "scsi_eh_23"
.1.3.6.1.2.1.25.4.2.1.2.583 = STRING: "scsi_tmf_23"
.1.3.6.1.2.1.25.4.2.1.2.584 = STRING: "scsi_eh_24"
.1.3.6.1.2.1.25.4.2.1.2.585 = STRING: "scsi_tmf_24"
.1.3.6.1.2.1.25.4.2.1.2.586 = STRING: "scsi_eh_25"
.1.3.6.1.2.1.25.4.2.1.2.587 = STRING: "scsi_tmf_25"
.1.3.6.1.2.1.25.4.2.1.2.588 = STRING: "scsi_eh_26"
.1.3.6.1.2.1.25.4.2.1.2.589 = STRING: "scsi_tmf_26"
.1.3.6.1.2.1.25.4.2.1.2.590 = STRING: "scsi_eh_27"
.1.3.6.1.2.1.25.4.2.1.2.591 = STRING: "scsi_tmf_27"
.1.3.6.1.2.1.25.4.2.1.2.592 = STRING: "scsi_eh_28"
.1.3.6.1.2.1.25.4.2.1.2.593 = STRING: "scsi_tmf_28"
.1.3.6.1.2.1.25.4.2.1.2.594 = STRING: "scsi_eh_29"
.1.3.6.1.2.1.25.4.2.1.2.595 = STRING: "scsi_tmf_29"
.1.3.6.1.2.1.25.4.2.1.2.596 = STRING: "scsi_eh_30"
.1.3.6.1.2.1.25.4.2.1.2.597 = STRING: "scsi_tmf_30"
.1.3.6.1.2.1.25.4.2.1.2.598 = STRING: "scsi_eh_31"
.1.3.6.1.2.1.25.4.2.1.2.599 = STRING: "scsi_tmf_31"
.1.3.6.1.2.1.25.4.2.1.2.600 = STRING: "scsi_eh_32"
.1.3.6.1.2.1.25.4.2.1.2.601 = STRING: "scsi_tmf_32"
.1.3.6.1.2.1.25.4.2.1.2.690 = STRING: "kdmflush"
.1.3.6.1.2.1.25.4.2.1.2.700 = STRING: "kdmflush"
.1.3.6.1.2.1.25.4.2.1.2.725 = STRING: "xfsalloc"
.1.3.6.1.2.1.25.4.2.1.2.726 = STRING: "xfs_mru_cache"
.1.3.6.1.2.1.25.4.2.1.2.727 = STRING: "xfs-buf/dm-0"
.1.3.6.1.2.1.25.4.2.1.2.728 = STRING: "xfs-conv/dm-0"
.1.3.6.1.2.1.25.4.2.1.2.729 = STRING: "xfs-cil/dm-0"
.1.3.6.1.2.1.25.4.2.1.2.730 = STRING: "xfs-reclaim/dm-"
.1.3.6.1.2.1.25.4.2.1.2.731 = STRING: "xfs-eofblocks/d"
.1.3.6.1.2.1.25.4.2.1.2.732 = STRING: "xfs-log/dm-0"
.1.3.6.1.2.1.25.4.2.1.2.733 = STRING: "xfsaild/dm-0"
.1.3.6.1.2.1.25.4.2.1.2.830 = STRING: "systemd-journal"
.1.3.6.1.2.1.25.4.2.1.2.865 = STRING: "systemd-udevd"
.1.3.6.1.2.1.25.4.2.1.2.919 = STRING: "kdmflush"
.1.3.6.1.2.1.25.4.2.1.2.939 = STRING: "xfs-buf/dm-2"
.1.3.6.1.2.1.25.4.2.1.2.940 = STRING: "xfs-conv/dm-2"
.1.3.6.1.2.1.25.4.2.1.2.941 = STRING: "xfs-cil/dm-2"
.1.3.6.1.2.1.25.4.2.1.2.942 = STRING: "xfs-reclaim/dm-"
.1.3.6.1.2.1.25.4.2.1.2.943 = STRING: "xfs-eofblocks/d"
.1.3.6.1.2.1.25.4.2.1.2.944 = STRING: "xfs-log/dm-2"
.1.3.6.1.2.1.25.4.2.1.2.945 = STRING: "xfsaild/dm-2"
.1.3.6.1.2.1.25.4.2.1.2.947 = STRING: "jbd2/sda1-8"
.1.3.6.1.2.1.25.4.2.1.2.948 = STRING: "ext4-rsv-conver"
.1.3.6.1.2.1.25.4.2.1.2.972 = STRING: "auditd"
.1.3.6.1.2.1.25.4.2.1.2.974 = STRING: "sedispatch"
.1.3.6.1.2.1.25.4.2.1.2.1007 = STRING: "polkitd"
.1.3.6.1.2.1.25.4.2.1.2.1009 = STRING: "VGAuthService"
.1.3.6.1.2.1.25.4.2.1.2.1010 = STRING: "vmtoolsd"
.1.3.6.1.2.1.25.4.2.1.2.1011 = STRING: "irqbalance"
.1.3.6.1.2.1.25.4.2.1.2.1012 = STRING: "sssd"
.1.3.6.1.2.1.25.4.2.1.2.1014 = STRING: "dbus-daemon"
.1.3.6.1.2.1.25.4.2.1.2.1021 = STRING: "chronyd"
.1.3.6.1.2.1.25.4.2.1.2.1029 = STRING: "rngd"
.1.3.6.1.2.1.25.4.2.1.2.1055 = STRING: "firewalld"
.1.3.6.1.2.1.25.4.2.1.2.1058 = STRING: "sssd_be"
.1.3.6.1.2.1.25.4.2.1.2.1063 = STRING: "sssd_nss"
.1.3.6.1.2.1.25.4.2.1.2.1079 = STRING: "systemd-logind"
.1.3.6.1.2.1.25.4.2.1.2.1096 = STRING: "NetworkManager"
.1.3.6.1.2.1.25.4.2.1.2.1109 = STRING: "tuned"
.1.3.6.1.2.1.25.4.2.1.2.1112 = STRING: "sshd"
.1.3.6.1.2.1.25.4.2.1.2.1131 = STRING: "crond"
.1.3.6.1.2.1.25.4.2.1.2.1140 = STRING: "agetty"
.1.3.6.1.2.1.25.4.2.1.2.1192 = STRING: "nginx"
.1.3.6.1.2.1.25.4.2.1.2.1195 = STRING: "nginx"
.1.3.6.1.2.1.25.4.2.1.2.1196 = STRING: "nginx"
.1.3.6.1.2.1.25.4.2.1.2.1219 = STRING: "mysqld"
.1.3.6.1.2.1.25.4.2.1.2.1498 = STRING: "snmpd"
.1.3.6.1.2.1.25.4.2.1.2.1501 = STRING: "rsyslogd"
.1.3.6.1.2.1.25.4.2.1.2.2216 = STRING: "packagekitd"
.1.3.6.1.2.1.25.4.2.1.2.7873 = STRING: "kworker/u4:0-flush-253:0"
.1.3.6.1.2.1.25.4.2.1.2.8191 = STRING: "SetroubleshootF"
.1.3.6.1.2.1.25.4.2.1.2.13412 = STRING: "cockpit-tls"
.1.3.6.1.2.1.25.4.2.1.2.13420 = STRING: "cockpit-ws"
.1.3.6.1.2.1.25.4.2.1.2.13476 = STRING: "kworker/0:2-cgroup_pidlist_destroy"
.1.3.6.1.2.1.25.4.2.1.2.13485 = STRING: "kworker/u4:1-xfs-cil/dm-0"
.1.3.6.1.2.1.25.4.2.1.2.13493 = STRING: "cockpit-session"
.1.3.6.1.2.1.25.4.2.1.2.13498 = STRING: "ssh-agent"
.1.3.6.1.2.1.25.4.2.1.2.13501 = STRING: "systemd"
.1.3.6.1.2.1.25.4.2.1.2.13505 = STRING: "(sd-pam)"
.1.3.6.1.2.1.25.4.2.1.2.13511 = STRING: "cockpit-bridge"
.1.3.6.1.2.1.25.4.2.1.2.13547 = STRING: "timedatex"
.1.3.6.1.2.1.25.4.2.1.2.13564 = STRING: "bash"
.1.3.6.1.2.1.25.4.2.1.2.13681 = STRING: "sshd"
.1.3.6.1.2.1.25.4.2.1.2.13690 = STRING: "systemd"
.1.3.6.1.2.1.25.4.2.1.2.13693 = STRING: "(sd-pam)"
.1.3.6.1.2.1.25.4.2.1.2.13699 = STRING: "sshd"
.1.3.6.1.2.1.25.4.2.1.2.13728 = STRING: "bash"
.1.3.6.1.2.1.25.4.2.1.2.13995 = STRING: "kworker/0:1-events"
.1.3.6.1.2.1.25.4.2.1.2.14038 = STRING: "cockpit-session"
.1.3.6.1.2.1.25.4.2.1.2.14043 = STRING: "ssh-agent"
.1.3.6.1.2.1.25.4.2.1.2.14045 = STRING: "cockpit-bridge"
.1.3.6.1.2.1.25.4.2.1.2.14095 = STRING: "bash"
.1.3.6.1.2.1.25.4.2.1.2.14177 = STRING: "kworker/1:0-mm_percpu_wq"
.1.3.6.1.2.1.25.4.2.1.2.14481 = STRING: "kworker/1:2-events_power_efficient"
.1.3.6.1.2.1.25.4.2.1.2.14868 = STRING: "kworker/0:0-cgroup_destroy"
.1.3.6.1.2.1.25.4.2.1.2.14871 = STRING: "php-fpm"
.1.3.6.1.2.1.25.4.2.1.2.14872 = STRING: "kworker/0:3-cgroup_pidlist_destroy"
.1.3.6.1.2.1.25.4.2.1.2.14873 = STRING: "php-fpm"
.1.3.6.1.2.1.25.4.2.1.2.14874 = STRING: "php-fpm"
.1.3.6.1.2.1.25.4.2.1.2.14875 = STRING: "php-fpm"
.1.3.6.1.2.1.25.4.2.1.2.14876 = STRING: "php-fpm"
.1.3.6.1.2.1.25.4.2.1.2.14877 = STRING: "php-fpm"
.1.3.6.1.2.1.25.4.2.1.2.14970 = STRING: "kworker/1:1-events_power_efficient"
.1.3.6.1.2.1.25.4.2.1.2.15059 = STRING: "php-fpm"
.1.3.6.1.2.1.25.4.2.1.2.15218 = STRING: "cockpit-session"
.1.3.6.1.2.1.25.4.2.1.4.1 = STRING: "/usr/lib/systemd/systemd"
.1.3.6.1.2.1.25.4.2.1.4.830 = STRING: "/usr/lib/systemd/systemd-journald"
.1.3.6.1.2.1.25.4.2.1.4.865 = STRING: "/usr/lib/systemd/systemd-udevd"
.1.3.6.1.2.1.25.4.2.1.4.972 = STRING: "/sbin/auditd"
.1.3.6.1.2.1.25.4.2.1.4.974 = STRING: "/usr/sbin/sedispatch"
.1.3.6.1.2.1.25.4.2.1.4.1007 = STRING: "/usr/lib/polkit-1/polkitd"
.1.3.6.1.2.1.25.4.2.1.4.1009 = STRING: "/usr/bin/VGAuthService"
.1.3.6.1.2.1.25.4.2.1.4.1010 = STRING: "/usr/bin/vmtoolsd"
.1.3.6.1.2.1.25.4.2.1.4.1011 = STRING: "/usr/sbin/irqbalance"
.1.3.6.1.2.1.25.4.2.1.4.1012 = STRING: "/usr/sbin/sssd"
.1.3.6.1.2.1.25.4.2.1.4.1014 = STRING: "/usr/bin/dbus-daemon"
.1.3.6.1.2.1.25.4.2.1.4.1021 = STRING: "/usr/sbin/chronyd"
.1.3.6.1.2.1.25.4.2.1.4.1029 = STRING: "/sbin/rngd"
.1.3.6.1.2.1.25.4.2.1.4.1055 = STRING: "/usr/libexec/platform-python"
.1.3.6.1.2.1.25.4.2.1.4.1058 = STRING: "/usr/libexec/sssd/sssd_be"
.1.3.6.1.2.1.25.4.2.1.4.1063 = STRING: "/usr/libexec/sssd/sssd_nss"
.1.3.6.1.2.1.25.4.2.1.4.1079 = STRING: "/usr/lib/systemd/systemd-logind"
.1.3.6.1.2.1.25.4.2.1.4.1096 = STRING: "/usr/sbin/NetworkManager"
.1.3.6.1.2.1.25.4.2.1.4.1109 = STRING: "/usr/libexec/platform-python"
.1.3.6.1.2.1.25.4.2.1.4.1112 = STRING: "/usr/sbin/sshd"
.1.3.6.1.2.1.25.4.2.1.4.1131 = STRING: "/usr/sbin/crond"
.1.3.6.1.2.1.25.4.2.1.4.1140 = STRING: "/sbin/agetty"
.1.3.6.1.2.1.25.4.2.1.4.1192 = STRING: "nginx: master process /usr/sbin/nginx"
.1.3.6.1.2.1.25.4.2.1.4.1195 = STRING: "nginx: worker process"
.1.3.6.1.2.1.25.4.2.1.4.1196 = STRING: "nginx: worker process"
.1.3.6.1.2.1.25.4.2.1.4.1219 = STRING: "/usr/libexec/mysqld"
.1.3.6.1.2.1.25.4.2.1.4.1498 = STRING: "/usr/sbin/snmpd"
.1.3.6.1.2.1.25.4.2.1.4.1501 = STRING: "/usr/sbin/rsyslogd"
.1.3.6.1.2.1.25.4.2.1.4.2216 = STRING: "/usr/libexec/packagekitd"
.1.3.6.1.2.1.25.4.2.1.4.8191 = STRING: "/usr/libexec/platform-python"
.1.3.6.1.2.1.25.4.2.1.4.13412 = STRING: "/usr/libexec/cockpit-tls"
.1.3.6.1.2.1.25.4.2.1.4.13420 = STRING: "/usr/libexec/cockpit-ws"
.1.3.6.1.2.1.25.4.2.1.4.13493 = STRING: "/usr/libexec/cockpit-session"
.1.3.6.1.2.1.25.4.2.1.4.13498 = STRING: "/usr/bin/ssh-agent"
.1.3.6.1.2.1.25.4.2.1.4.13501 = STRING: "/usr/lib/systemd/systemd"
.1.3.6.1.2.1.25.4.2.1.4.13505 = STRING: "(sd-pam)"
.1.3.6.1.2.1.25.4.2.1.4.13511 = STRING: "cockpit-bridge"
.1.3.6.1.2.1.25.4.2.1.4.13547 = STRING: "/usr/sbin/timedatex"
.1.3.6.1.2.1.25.4.2.1.4.13564 = STRING: "/bin/bash"
.1.3.6.1.2.1.25.4.2.1.4.13681 = STRING: "sshd: root [priv]"
.1.3.6.1.2.1.25.4.2.1.4.13690 = STRING: "/usr/lib/systemd/systemd"
.1.3.6.1.2.1.25.4.2.1.4.13693 = STRING: "(sd-pam)"
.1.3.6.1.2.1.25.4.2.1.4.13699 = STRING: "sshd: root@pts/1"
.1.3.6.1.2.1.25.4.2.1.4.13728 = STRING: "-bash"
.1.3.6.1.2.1.25.4.2.1.4.14038 = STRING: "/usr/libexec/cockpit-session"
.1.3.6.1.2.1.25.4.2.1.4.14043 = STRING: "/usr/bin/ssh-agent"
.1.3.6.1.2.1.25.4.2.1.4.14045 = STRING: "cockpit-bridge"
.1.3.6.1.2.1.25.4.2.1.4.14095 = STRING: "/bin/bash"
.1.3.6.1.2.1.25.4.2.1.4.14871 = STRING: "php-fpm: master process (/etc/php-fpm.conf)"
.1.3.6.1.2.1.25.4.2.1.4.14873 = STRING: "php-fpm: pool www"
.1.3.6.1.2.1.25.4.2.1.4.14874 = STRING: "php-fpm: pool www"
.1.3.6.1.2.1.25.4.2.1.4.14875 = STRING: "php-fpm: pool www"
.1.3.6.1.2.1.25.4.2.1.4.14876 = STRING: "php-fpm: pool www"
.1.3.6.1.2.1.25.4.2.1.4.14877 = STRING: "php-fpm: pool www"
.1.3.6.1.2.1.25.4.2.1.4.15059 = STRING: "php-fpm: pool www"
.1.3.6.1.2.1.25.4.2.1.4.15218 = STRING: "/usr/libexec/cockpit-session"
.1.3.6.1.2.1.25.4.2.1.5.1 = STRING: "--switched-root --system --deserialize 18"
.1.3.6.1.2.1.25.4.2.1.5.1007 = STRING: "--no-debug"
.1.3.6.1.2.1.25.4.2.1.5.1009 = STRING: "-s"
.1.3.6.1.2.1.25.4.2.1.5.1011 = STRING: "--foreground"
.1.3.6.1.2.1.25.4.2.1.5.1012 = STRING: "-i --logger=files"
.1.3.6.1.2.1.25.4.2.1.5.1014 = STRING: "--system --address=systemd: --nofork --nopidfile --systemd-activation --syslog-only"
.1.3.6.1.2.1.25.4.2.1.5.1029 = STRING: "-f --fill-watermark=0"
.1.3.6.1.2.1.25.4.2.1.5.1055 = STRING: "-s /usr/sbin/firewalld --nofork --nopid"
.1.3.6.1.2.1.25.4.2.1.5.1058 = STRING: "--domain implicit_files --uid 0 --gid 0 --logger=files"
.1.3.6.1.2.1.25.4.2.1.5.1063 = STRING: "--uid 0 --gid 0 --logger=files"
.1.3.6.1.2.1.25.4.2.1.5.1096 = STRING: "--no-daemon"
.1.3.6.1.2.1.25.4.2.1.5.1109 = STRING: "-Es /usr/sbin/tuned -l -P"
.1.3.6.1.2.1.25.4.2.1.5.1112 = STRING: "-D -oCiphers=aes256-gcm@openssh.com,chacha20-poly1305@openssh.com,aes256-ctr,aes256-cbc,aes128-gcm@openssh.com,aes128-ctr,aes128"
.1.3.6.1.2.1.25.4.2.1.5.1131 = STRING: "-n"
.1.3.6.1.2.1.25.4.2.1.5.1140 = STRING: "-o -p -- \\u --noclear tty1 linux"
.1.3.6.1.2.1.25.4.2.1.5.1219 = STRING: "--basedir=/usr"
.1.3.6.1.2.1.25.4.2.1.5.1498 = STRING: "-LS0-6d -f"
.1.3.6.1.2.1.25.4.2.1.5.1501 = STRING: "-n"
.1.3.6.1.2.1.25.4.2.1.5.8191 = STRING: "-Es /usr/share/setroubleshoot/SetroubleshootFixit.py"
.1.3.6.1.2.1.25.4.2.1.5.13420 = STRING: "--for-tls-proxy --port=0"
.1.3.6.1.2.1.25.4.2.1.5.13493 = STRING: "localhost"
.1.3.6.1.2.1.25.4.2.1.5.13501 = STRING: "--user"
.1.3.6.1.2.1.25.4.2.1.5.13690 = STRING: "--user"
.1.3.6.1.2.1.25.4.2.1.5.14038 = STRING: "localhost"
.1.3.6.1.2.1.25.4.2.1.5.15253 = STRING: "-Es /usr/sbin/setroubleshootd -f"
.1.3.6.1.2.1.25.4.2.1.5.15275 = STRING: "/usr/share/setroubleshoot/SetroubleshootPrivileged.py"
.1.3.6.1.4.1.2021.2.1.2.1 = STRING: nginx
.1.3.6.1.4.1.2021.2.1.103.1 = STRING: 
.1.3.6.1.4.1.2021.9.1.2.1 = STRING: /
.1.3.6.1.4.1.2021.9.1.2.2 = STRING: /var/www/html/seeddms51x/seeddms
.1.3.6.1.4.1.2021.9.1.3.1 = STRING: /dev/mapper/cl-root
.1.3.6.1.4.1.2021.9.1.3.2 = STRING: /dev/mapper/cl-seeddms
.1.3.6.1.4.1.2021.9.1.5.1 = INTEGER: -1
.1.3.6.1.4.1.2021.9.1.5.2 = INTEGER: -1
.1.3.6.1.4.1.2021.9.1.11.1 = Gauge32: 2611200
.1.3.6.1.4.1.2021.9.1.11.2 = Gauge32: 125600
.1.3.6.1.4.1.2021.9.1.12.1 = Gauge32: 0
.1.3.6.1.4.1.2021.9.1.12.2 = Gauge32: 0
.1.3.6.1.4.1.2021.9.1.13.1 = Gauge32: 374260
.1.3.6.1.4.1.2021.9.1.13.2 = Gauge32: 75496
.1.3.6.1.4.1.2021.9.1.14.1 = Gauge32: 0
.1.3.6.1.4.1.2021.9.1.14.2 = Gauge32: 0
.1.3.6.1.4.1.2021.9.1.15.1 = Gauge32: 2236940
.1.3.6.1.4.1.2021.9.1.15.2 = Gauge32: 50104
.1.3.6.1.4.1.2021.9.1.16.1 = Gauge32: 0
.1.3.6.1.4.1.2021.9.1.16.2 = Gauge32: 0
.1.3.6.1.4.1.8072.1.3.2.2.1.2.10.109.111.110.105.116.111.114.105.110.103 = STRING: /usr/bin/monitor
.1.3.6.1.4.1.8072.1.3.2.2.1.3.10.109.111.110.105.116.111.114.105.110.103 = STRING: 
.1.3.6.1.4.1.8072.1.3.2.2.1.4.10.109.111.110.105.116.111.114.105.110.103 = STRING: 
.1.3.6.1.4.1.8072.1.3.2.2.1.7.10.109.111.110.105.116.111.114.105.110.103 = INTEGER: run-on-read(1)
.1.3.6.1.4.1.8072.1.3.2.3.1.1.10.109.111.110.105.116.111.114.105.110.103 = STRING: Memory usage
.1.3.6.1.4.1.8072.1.3.2.3.1.2.10.109.111.110.105.116.111.114.105.110.103 = STRING: Memory usage
              total        used        free      shared  buff/cache   available
Mem:          3.8Gi       617Mi       2.8Gi       8.0Mi       435Mi       3.0Gi
Swap:         1.9Gi          0B       1.9Gi
Database status
OK - Connection to database successful.
System release info
CentOS Linux release 8.3.2011
SELinux Settings
user

                Labeling   MLS/       MLS/                          
SELinux User    Prefix     MCS Level  MCS Range                      SELinux Roles

guest_u         user       s0         s0                             guest_r
root            user       s0         s0-s0:c0.c1023                 staff_r sysadm_r system_r unconfined_r
staff_u         user       s0         s0-s0:c0.c1023                 staff_r sysadm_r unconfined_r
sysadm_u        user       s0         s0-s0:c0.c1023                 sysadm_r
system_u        user       s0         s0-s0:c0.c1023                 system_r unconfined_r
unconfined_u    user       s0         s0-s0:c0.c1023                 system_r unconfined_r
user_u          user       s0         s0                             user_r
xguest_u        user       s0         s0                             xguest_r
login

Login Name           SELinux User         MLS/MCS Range        Service

__default__          unconfined_u         s0-s0:c0.c1023       *
michelle             user_u               s0                   *
root                 unconfined_u         s0-s0:c0.c1023       *
/usr/local/monitoring/check.sh: line 2: /tmp/xyz: Permission denied
System uptime
 07:29:38 up  3:45,  3 users,  load average: 0.16, 0.12, 0.19
.1.3.6.1.4.1.8072.1.3.2.4.1.2.10.109.111.110.105.116.111.114.105.110.103.1 = STRING: Memory usage
.1.3.6.1.4.1.8072.1.3.2.4.1.2.10.109.111.110.105.116.111.114.105.110.103.2 = STRING:               total        used        free      shared  buff/cache   available
.1.3.6.1.4.1.8072.1.3.2.4.1.2.10.109.111.110.105.116.111.114.105.110.103.3 = STRING: Mem:          3.8Gi       617Mi       2.8Gi       8.0Mi       435Mi       3.0Gi
.1.3.6.1.4.1.8072.1.3.2.4.1.2.10.109.111.110.105.116.111.114.105.110.103.4 = STRING: Swap:         1.9Gi          0B       1.9Gi
.1.3.6.1.4.1.8072.1.3.2.4.1.2.10.109.111.110.105.116.111.114.105.110.103.5 = STRING: Database status
.1.3.6.1.4.1.8072.1.3.2.4.1.2.10.109.111.110.105.116.111.114.105.110.103.6 = STRING: OK - Connection to database successful.
.1.3.6.1.4.1.8072.1.3.2.4.1.2.10.109.111.110.105.116.111.114.105.110.103.7 = STRING: System release info
.1.3.6.1.4.1.8072.1.3.2.4.1.2.10.109.111.110.105.116.111.114.105.110.103.8 = STRING: CentOS Linux release 8.3.2011
.1.3.6.1.4.1.8072.1.3.2.4.1.2.10.109.111.110.105.116.111.114.105.110.103.9 = STRING: SELinux Settings
.1.3.6.1.4.1.8072.1.3.2.4.1.2.10.109.111.110.105.116.111.114.105.110.103.10 = STRING: user
.1.3.6.1.4.1.8072.1.3.2.4.1.2.10.109.111.110.105.116.111.114.105.110.103.11 = STRING: 
.1.3.6.1.4.1.8072.1.3.2.4.1.2.10.109.111.110.105.116.111.114.105.110.103.12 = STRING:                 Labeling   MLS/       MLS/                          
.1.3.6.1.4.1.8072.1.3.2.4.1.2.10.109.111.110.105.116.111.114.105.110.103.13 = STRING: SELinux User    Prefix     MCS Level  MCS Range                      SELinux Roles
.1.3.6.1.4.1.8072.1.3.2.4.1.2.10.109.111.110.105.116.111.114.105.110.103.14 = STRING: 
.1.3.6.1.4.1.8072.1.3.2.4.1.2.10.109.111.110.105.116.111.114.105.110.103.15 = STRING: guest_u         user       s0         s0                             guest_r
.1.3.6.1.4.1.8072.1.3.2.4.1.2.10.109.111.110.105.116.111.114.105.110.103.16 = STRING: root            user       s0         s0-s0:c0.c1023                 staff_r sysadm_r system_r unconfined_r
.1.3.6.1.4.1.8072.1.3.2.4.1.2.10.109.111.110.105.116.111.114.105.110.103.17 = STRING: staff_u         user       s0         s0-s0:c0.c1023                 staff_r sysadm_r unconfined_r
.1.3.6.1.4.1.8072.1.3.2.4.1.2.10.109.111.110.105.116.111.114.105.110.103.18 = STRING: sysadm_u        user       s0         s0-s0:c0.c1023                 sysadm_r
.1.3.6.1.4.1.8072.1.3.2.4.1.2.10.109.111.110.105.116.111.114.105.110.103.19 = STRING: system_u        user       s0         s0-s0:c0.c1023                 system_r unconfined_r
.1.3.6.1.4.1.8072.1.3.2.4.1.2.10.109.111.110.105.116.111.114.105.110.103.20 = STRING: unconfined_u    user       s0         s0-s0:c0.c1023                 system_r unconfined_r
.1.3.6.1.4.1.8072.1.3.2.4.1.2.10.109.111.110.105.116.111.114.105.110.103.21 = STRING: user_u          user       s0         s0                             user_r
.1.3.6.1.4.1.8072.1.3.2.4.1.2.10.109.111.110.105.116.111.114.105.110.103.22 = STRING: xguest_u        user       s0         s0                             xguest_r
.1.3.6.1.4.1.8072.1.3.2.4.1.2.10.109.111.110.105.116.111.114.105.110.103.23 = STRING: login
.1.3.6.1.4.1.8072.1.3.2.4.1.2.10.109.111.110.105.116.111.114.105.110.103.24 = STRING: 
.1.3.6.1.4.1.8072.1.3.2.4.1.2.10.109.111.110.105.116.111.114.105.110.103.25 = STRING: Login Name           SELinux User         MLS/MCS Range        Service
.1.3.6.1.4.1.8072.1.3.2.4.1.2.10.109.111.110.105.116.111.114.105.110.103.26 = STRING: 
.1.3.6.1.4.1.8072.1.3.2.4.1.2.10.109.111.110.105.116.111.114.105.110.103.27 = STRING: __default__          unconfined_u         s0-s0:c0.c1023       *
.1.3.6.1.4.1.8072.1.3.2.4.1.2.10.109.111.110.105.116.111.114.105.110.103.28 = STRING: michelle             user_u               s0                   *
.1.3.6.1.4.1.8072.1.3.2.4.1.2.10.109.111.110.105.116.111.114.105.110.103.29 = STRING: root                 unconfined_u         s0-s0:c0.c1023       *
.1.3.6.1.4.1.8072.1.3.2.4.1.2.10.109.111.110.105.116.111.114.105.110.103.30 = STRING: /usr/local/monitoring/check.sh: line 2: /tmp/xyz: Permission denied
.1.3.6.1.4.1.8072.1.3.2.4.1.2.10.109.111.110.105.116.111.114.105.110.103.31 = STRING: System uptime
.1.3.6.1.4.1.8072.1.3.2.4.1.2.10.109.111.110.105.116.111.114.105.110.103.32 = STRING:  07:29:38 up  3:45,  3 users,  load average: 0.16, 0.12, 0.19
.1.3.6.1.4.1.8072.1.3.2.4.1.2.10.109.111.110.105.116.111.114.105.110.103.32 = No more variables left in this MIB View (It is past the end of the MIB tree)
